This file contains any messages produced by compilers while
running configure, to aid debugging if configure makes a mistake.

It was created by configure, which was
generated by GNU Autoconf 2.61.  Invocation command line was

  $ ./configure --enable-maintainer-mode

## --------- ##
## Platform. ##
## --------- ##

hostname = linux-4179e1
uname -m = i686
uname -r = 2.6.25.11-0.1-pae
uname -s = Linux
uname -v = #1 SMP 2008-07-13 20:48:28 +0200

/usr/bin/uname -p = unknown
/bin/uname -X     = unknown

/bin/arch              = i686
/usr/bin/arch -k       = unknown
/usr/convex/getsysinfo = unknown
/usr/bin/hostinfo      = unknown
/bin/machine           = unknown
/usr/bin/oslevel       = unknown
/bin/universe          = unknown

PATH: /home/lyre/bin
PATH: /usr/local/bin
PATH: /usr/bin
PATH: /bin
PATH: /usr/bin/X11
PATH: /usr/X11R6/bin
PATH: /usr/games
PATH: /opt/kde3/bin
PATH: /usr/lib/jvm/jre/bin
PATH: /usr/lib/mit/bin
PATH: /usr/lib/mit/sbin
PATH: /usr/lib/qt3/bin


## ----------- ##
## Core tests. ##
## ----------- ##

configure:1792: checking for a BSD-compatible install
configure:1848: result: /usr/bin/install -c
configure:1859: checking whether build environment is sane
configure:1902: result: yes
configure:1930: checking for a thread-safe mkdir -p
configure:1969: result: /bin/mkdir -p
configure:1982: checking for gawk
configure:1998: found /usr/bin/gawk
configure:2009: result: gawk
configure:2020: checking whether make sets $(MAKE)
configure:2041: result: yes
configure:2231: checking whether to enable maintainer-specific portions of Makefiles
configure:2240: result: yes
configure:2266: checking for style of include used by make
configure:2294: result: GNU
configure:2364: checking for gcc
configure:2380: found /usr/bin/gcc
configure:2391: result: gcc
configure:2629: checking for C compiler version
configure:2636: gcc --version >&5
gcc (SUSE Linux) 4.3.1 20080507 (prerelease) [gcc-4_3-branch revision 135036]
Copyright (C) 2008 Free Software Foundation, Inc.
This is free software; see the source for copying conditions.  There is NO
warranty; not even for MERCHANTABILITY or FITNESS FOR A PARTICULAR PURPOSE.

configure:2639: $? = 0
configure:2646: gcc -v >&5
Using built-in specs.
Target: i586-suse-linux
Configured with: ../configure --prefix=/usr --with-local-prefix=/usr/local --infodir=/usr/share/info --mandir=/usr/share/man --libdir=/usr/lib --libexecdir=/usr/lib --enable-languages=c,c++,objc,fortran,obj-c++,java,ada --enable-checking=release --with-gxx-include-dir=/usr/include/c++/4.3 --enable-ssp --disable-libssp --with-bugurl=http://bugs.opensuse.org/ --with-pkgversion='SUSE Linux' --disable-libgcj --with-slibdir=/lib --with-system-zlib --enable-__cxa_atexit --enable-libstdcxx-allocator=new --disable-libstdcxx-pch --program-suffix=-4.3 --enable-version-specific-runtime-libs --enable-linux-futex --without-system-libunwind --with-cpu=generic --build=i586-suse-linux
Thread model: posix
gcc version 4.3.1 20080507 (prerelease) [gcc-4_3-branch revision 135036] (SUSE Linux) 
configure:2649: $? = 0
configure:2656: gcc -V >&5
gcc: '-V' option must have argument
configure:2659: $? = 1
configure:2682: checking for C compiler default output file name
configure:2709: gcc    conftest.c  >&5
configure:2712: $? = 0
configure:2750: result: a.out
configure:2767: checking whether the C compiler works
configure:2777: ./a.out
configure:2780: $? = 0
configure:2797: result: yes
configure:2804: checking whether we are cross compiling
configure:2806: result: no
configure:2809: checking for suffix of executables
configure:2816: gcc -o conftest    conftest.c  >&5
configure:2819: $? = 0
configure:2843: result: 
configure:2849: checking for suffix of object files
configure:2875: gcc -c   conftest.c >&5
configure:2878: $? = 0
configure:2901: result: o
configure:2905: checking whether we are using the GNU C compiler
configure:2934: gcc -c   conftest.c >&5
configure:2940: $? = 0
configure:2957: result: yes
configure:2962: checking whether gcc accepts -g
configure:2992: gcc -c -g  conftest.c >&5
configure:2998: $? = 0
configure:3097: result: yes
configure:3114: checking for gcc option to accept ISO C89
configure:3188: gcc  -c -g -O2  conftest.c >&5
configure:3194: $? = 0
configure:3217: result: none needed
configure:3237: checking dependency style of gcc
configure:3328: result: gcc3
configure:3344: checking for library containing strerror
configure:3385: gcc -o conftest -g -O2   conftest.c  >&5
configure:3391: $? = 0
configure:3419: result: none required
configure:3475: checking for gcc
configure:3502: result: gcc
configure:3740: checking for C compiler version
configure:3747: gcc --version >&5
gcc (SUSE Linux) 4.3.1 20080507 (prerelease) [gcc-4_3-branch revision 135036]
Copyright (C) 2008 Free Software Foundation, Inc.
This is free software; see the source for copying conditions.  There is NO
warranty; not even for MERCHANTABILITY or FITNESS FOR A PARTICULAR PURPOSE.

configure:3750: $? = 0
configure:3757: gcc -v >&5
Using built-in specs.
Target: i586-suse-linux
Configured with: ../configure --prefix=/usr --with-local-prefix=/usr/local --infodir=/usr/share/info --mandir=/usr/share/man --libdir=/usr/lib --libexecdir=/usr/lib --enable-languages=c,c++,objc,fortran,obj-c++,java,ada --enable-checking=release --with-gxx-include-dir=/usr/include/c++/4.3 --enable-ssp --disable-libssp --with-bugurl=http://bugs.opensuse.org/ --with-pkgversion='SUSE Linux' --disable-libgcj --with-slibdir=/lib --with-system-zlib --enable-__cxa_atexit --enable-libstdcxx-allocator=new --disable-libstdcxx-pch --program-suffix=-4.3 --enable-version-specific-runtime-libs --enable-linux-futex --without-system-libunwind --with-cpu=generic --build=i586-suse-linux
Thread model: posix
gcc version 4.3.1 20080507 (prerelease) [gcc-4_3-branch revision 135036] (SUSE Linux) 
configure:3760: $? = 0
configure:3767: gcc -V >&5
gcc: '-V' option must have argument
configure:3770: $? = 1
configure:3773: checking whether we are using the GNU C compiler
configure:3825: result: yes
configure:3830: checking whether gcc accepts -g
configure:3965: result: yes
configure:3982: checking for gcc option to accept ISO C89
configure:4085: result: none needed
configure:4105: checking dependency style of gcc
configure:4196: result: gcc3
configure:4259: checking for gcc
configure:4286: result: gcc
configure:4524: checking for C compiler version
configure:4531: gcc --version >&5
gcc (SUSE Linux) 4.3.1 20080507 (prerelease) [gcc-4_3-branch revision 135036]
Copyright (C) 2008 Free Software Foundation, Inc.
This is free software; see the source for copying conditions.  There is NO
warranty; not even for MERCHANTABILITY or FITNESS FOR A PARTICULAR PURPOSE.

configure:4534: $? = 0
configure:4541: gcc -v >&5
Using built-in specs.
Target: i586-suse-linux
Configured with: ../configure --prefix=/usr --with-local-prefix=/usr/local --infodir=/usr/share/info --mandir=/usr/share/man --libdir=/usr/lib --libexecdir=/usr/lib --enable-languages=c,c++,objc,fortran,obj-c++,java,ada --enable-checking=release --with-gxx-include-dir=/usr/include/c++/4.3 --enable-ssp --disable-libssp --with-bugurl=http://bugs.opensuse.org/ --with-pkgversion='SUSE Linux' --disable-libgcj --with-slibdir=/lib --with-system-zlib --enable-__cxa_atexit --enable-libstdcxx-allocator=new --disable-libstdcxx-pch --program-suffix=-4.3 --enable-version-specific-runtime-libs --enable-linux-futex --without-system-libunwind --with-cpu=generic --build=i586-suse-linux
Thread model: posix
gcc version 4.3.1 20080507 (prerelease) [gcc-4_3-branch revision 135036] (SUSE Linux) 
configure:4544: $? = 0
configure:4551: gcc -V >&5
gcc: '-V' option must have argument
configure:4554: $? = 1
configure:4557: checking whether we are using the GNU C compiler
configure:4609: result: yes
configure:4614: checking whether gcc accepts -g
configure:4749: result: yes
configure:4766: checking for gcc option to accept ISO C89
configure:4869: result: none needed
configure:4889: checking dependency style of gcc
configure:4980: result: gcc3
configure:5003: checking how to run the C preprocessor
configure:5043: gcc -E  conftest.c
configure:5049: $? = 0
configure:5080: gcc -E  conftest.c
conftest.c:10:28: error: ac_nonexistent.h: No such file or directory
configure:5086: $? = 1
configure: failed program was:
| /* confdefs.h.  */
| #define PACKAGE_NAME ""
| #define PACKAGE_TARNAME ""
| #define PACKAGE_VERSION ""
| #define PACKAGE_STRING ""
| #define PACKAGE_BUGREPORT ""
| #define PACKAGE "dialog2"
| #define VERSION "0.1"
| /* end confdefs.h.  */
| #include <ac_nonexistent.h>
configure:5119: result: gcc -E
configure:5148: gcc -E  conftest.c
configure:5154: $? = 0
configure:5185: gcc -E  conftest.c
conftest.c:10:28: error: ac_nonexistent.h: No such file or directory
configure:5191: $? = 1
configure: failed program was:
| /* confdefs.h.  */
| #define PACKAGE_NAME ""
| #define PACKAGE_TARNAME ""
| #define PACKAGE_VERSION ""
| #define PACKAGE_STRING ""
| #define PACKAGE_BUGREPORT ""
| #define PACKAGE "dialog2"
| #define VERSION "0.1"
| /* end confdefs.h.  */
| #include <ac_nonexistent.h>
configure:5229: checking for grep that handles long lines and -e
configure:5303: result: /usr/bin/grep
configure:5308: checking for egrep
configure:5386: result: /usr/bin/grep -E
configure:5391: checking for ANSI C header files
configure:5421: gcc -c -g -O2  conftest.c >&5
configure:5427: $? = 0
configure:5526: gcc -o conftest -g -O2   conftest.c  >&5
configure:5529: $? = 0
configure:5535: ./conftest
configure:5538: $? = 0
configure:5555: result: yes
configure:5616: checking for pkg-config
configure:5634: found /usr/bin/pkg-config
configure:5646: result: /usr/bin/pkg-config
configure:5675: checking pkg-config is at least version 0.9.0
configure:5678: result: yes
configure:5689: checking for PACKAGE
configure:5696: $PKG_CONFIG --exists --print-errors "$pkg_modules"
configure:5699: $? = 0
configure:5712: $PKG_CONFIG --exists --print-errors "$pkg_modules"
configure:5715: $? = 0
configure:5790: result: yes
configure:5820: checking for sys/types.h
configure:5841: gcc -c -g -O2  conftest.c >&5
configure:5847: $? = 0
configure:5863: result: yes
configure:5820: checking for sys/stat.h
configure:5841: gcc -c -g -O2  conftest.c >&5
configure:5847: $? = 0
configure:5863: result: yes
configure:5820: checking for stdlib.h
configure:5841: gcc -c -g -O2  conftest.c >&5
configure:5847: $? = 0
configure:5863: result: yes
configure:5820: checking for string.h
configure:5841: gcc -c -g -O2  conftest.c >&5
configure:5847: $? = 0
configure:5863: result: yes
configure:5820: checking for memory.h
configure:5841: gcc -c -g -O2  conftest.c >&5
configure:5847: $? = 0
configure:5863: result: yes
configure:5820: checking for strings.h
configure:5841: gcc -c -g -O2  conftest.c >&5
configure:5847: $? = 0
configure:5863: result: yes
configure:5820: checking for inttypes.h
configure:5841: gcc -c -g -O2  conftest.c >&5
configure:5847: $? = 0
configure:5863: result: yes
configure:5820: checking for stdint.h
configure:5841: gcc -c -g -O2  conftest.c >&5
configure:5847: $? = 0
configure:5863: result: yes
configure:5820: checking for unistd.h
configure:5841: gcc -c -g -O2  conftest.c >&5
configure:5847: $? = 0
configure:5863: result: yes
configure:5891: checking locale.h usability
configure:5908: gcc -c -g -O2  conftest.c >&5
configure:5914: $? = 0
configure:5928: result: yes
configure:5932: checking locale.h presence
configure:5947: gcc -E  conftest.c
configure:5953: $? = 0
configure:5967: result: yes
configure:5995: checking for locale.h
configure:6003: result: yes
configure:6017: checking for LC_MESSAGES
configure:6043: gcc -o conftest -g -O2   conftest.c  >&5
configure:6049: $? = 0
configure:6066: result: yes
configure:6095: checking libintl.h usability
configure:6112: gcc -c -g -O2  conftest.c >&5
configure:6118: $? = 0
configure:6132: result: yes
configure:6136: checking libintl.h presence
configure:6151: gcc -E  conftest.c
configure:6157: $? = 0
configure:6171: result: yes
configure:6199: checking for libintl.h
configure:6206: result: yes
configure:6217: checking for ngettext in libc
configure:6245: gcc -o conftest -g -O2   conftest.c  >&5
configure:6251: $? = 0
configure:6269: result: yes
configure:6273: checking for dgettext in libc
configure:6301: gcc -o conftest -g -O2   conftest.c  >&5
configure:6307: $? = 0
configure:6325: result: yes
configure:6334: checking for bind_textdomain_codeset
configure:6390: gcc -o conftest -g -O2   conftest.c  >&5
configure:6396: $? = 0
configure:6414: result: yes
configure:6901: checking for msgfmt
configure:6928: result: /usr/bin/msgfmt
configure:6941: checking for dcgettext
configure:6997: gcc -o conftest -g -O2   conftest.c   >&5
conftest.c:48: warning: conflicting types for built-in function 'dcgettext'
configure:7003: $? = 0
configure:7021: result: yes
configure:7032: checking if msgfmt accepts -c
configure:7047: $MSGFMT -c -o /dev/null conftest.foo
configure:7050: $? = 0
configure:7052: result: yes
configure:7062: checking for gmsgfmt
configure:7093: result: /usr/bin/msgfmt
configure:7103: checking for xgettext
configure:7133: result: no
configure:7159: gcc -o conftest -g -O2   conftest.c   >&5
configure:7165: $? = 0
configure:7520: creating ./config.status

## ---------------------- ##
## Running config.status. ##
## ---------------------- ##

This file was extended by config.status, which was
generated by GNU Autoconf 2.61.  Invocation command line was

  CONFIG_FILES    = 
  CONFIG_HEADERS  = 
  CONFIG_LINKS    = 
  CONFIG_COMMANDS = 
  $ ./config.status 

on linux-4179e1

config.status:664: creating Makefile
config.status:664: creating src/Makefile
config.status:664: creating po/Makefile.in
config.status:664: creating config.h
config.status:944: executing depfiles commands
config.status:944: executing default-1 commands

## ---------------- ##
## Cache variables. ##
## ---------------- ##

ac_cv_c_compiler_gnu=yes
ac_cv_env_CC_set=
ac_cv_env_CC_value=
ac_cv_env_CFLAGS_set=
ac_cv_env_CFLAGS_value=
ac_cv_env_CPPFLAGS_set=
ac_cv_env_CPPFLAGS_value=
ac_cv_env_CPP_set=
ac_cv_env_CPP_value=
ac_cv_env_LDFLAGS_set=
ac_cv_env_LDFLAGS_value=
ac_cv_env_LIBS_set=
ac_cv_env_LIBS_value=
ac_cv_env_PACKAGE_CFLAGS_set=
ac_cv_env_PACKAGE_CFLAGS_value=
ac_cv_env_PACKAGE_LIBS_set=
ac_cv_env_PACKAGE_LIBS_value=
ac_cv_env_PKG_CONFIG_set=
ac_cv_env_PKG_CONFIG_value=
ac_cv_env_build_alias_set=
ac_cv_env_build_alias_value=
ac_cv_env_host_alias_set=
ac_cv_env_host_alias_value=
ac_cv_env_target_alias_set=
ac_cv_env_target_alias_value=
ac_cv_func_bind_textdomain_codeset=yes
ac_cv_func_dcgettext=yes
ac_cv_header_inttypes_h=yes
ac_cv_header_libintl_h=yes
ac_cv_header_locale_h=yes
ac_cv_header_memory_h=yes
ac_cv_header_stdc=yes
ac_cv_header_stdint_h=yes
ac_cv_header_stdlib_h=yes
ac_cv_header_string_h=yes
ac_cv_header_strings_h=yes
ac_cv_header_sys_stat_h=yes
ac_cv_header_sys_types_h=yes
ac_cv_header_unistd_h=yes
ac_cv_objext=o
ac_cv_path_EGREP='/usr/bin/grep -E'
ac_cv_path_GMSGFMT=/usr/bin/msgfmt
ac_cv_path_GREP=/usr/bin/grep
ac_cv_path_MSGFMT=/usr/bin/msgfmt
ac_cv_path_XGETTEXT=:
ac_cv_path_ac_pt_PKG_CONFIG=/usr/bin/pkg-config
ac_cv_path_install='/usr/bin/install -c'
ac_cv_path_mkdir=/bin/mkdir
ac_cv_prog_AWK=gawk
ac_cv_prog_CPP='gcc -E'
ac_cv_prog_ac_ct_CC=gcc
ac_cv_prog_cc_c89=
ac_cv_prog_cc_g=yes
ac_cv_prog_make_make_set=yes
ac_cv_search_strerror='none required'
am_cv_CC_dependencies_compiler_type=gcc3
am_cv_prog_cc_stdc=
am_cv_val_LC_MESSAGES=yes
gt_cv_func_dgettext_libc=yes
gt_cv_func_dgettext_libintl=no
gt_cv_func_ngettext_libc=yes
gt_cv_have_gettext=yes
pkg_cv_PACKAGE_CFLAGS='-I/usr/include/gtk-2.0 -I/usr/lib/gtk-2.0/include -I/usr/include/atk-1.0 -I/usr/include/cairo -I/usr/include/pango-1.0 -I/usr/include/glib-2.0 -I/usr/lib/glib-2.0/include -I/usr/include/freetype2 -I/usr/include/libpng12  '
pkg_cv_PACKAGE_LIBS='-lgtk-x11-2.0 -lgdk-x11-2.0 -latk-1.0 -lgdk_pixbuf-2.0 -lpangocairo-1.0 -lpango-1.0 -lcairo -lgobject-2.0 -lgmodule-2.0 -ldl -lglib-2.0  '

## ----------------- ##
## Output variables. ##
## ----------------- ##

ACLOCAL='${SHELL} /home/lyre/gtk/dialog2/missing --run aclocal-1.10'
AMDEPBACKSLASH='\'
AMDEP_FALSE='#'
AMDEP_TRUE=''
AMTAR='${SHELL} /home/lyre/gtk/dialog2/missing --run tar'
AUTOCONF='${SHELL} /home/lyre/gtk/dialog2/missing --run autoconf'
AUTOHEADER='${SHELL} /home/lyre/gtk/dialog2/missing --run autoheader'
AUTOMAKE='${SHELL} /home/lyre/gtk/dialog2/missing --run automake-1.10'
AWK='gawk'
CATALOGS=''
CATOBJEXT='.gmo'
CC='gcc'
CCDEPMODE='depmode=gcc3'
CFLAGS='-g -O2'
CPP='gcc -E'
CPPFLAGS=''
CYGPATH_W='echo'
DATADIRNAME='share'
DEFS='-DHAVE_CONFIG_H'
DEPDIR='.deps'
ECHO_C=''
ECHO_N='-n'
ECHO_T=''
EGREP='/usr/bin/grep -E'
EXEEXT=''
GETTEXT_PACKAGE='dialog2'
GMOFILES=''
GMSGFMT='/usr/bin/msgfmt'
GREP='/usr/bin/grep'
INSTALL_DATA='${INSTALL} -m 644'
INSTALL_PROGRAM='${INSTALL}'
INSTALL_SCRIPT='${INSTALL}'
INSTALL_STRIP_PROGRAM='$(install_sh) -c -s'
INSTOBJEXT='.mo'
INTLLIBS=''
LDFLAGS=''
LIBOBJS=''
LIBS=''
LTLIBOBJS=''
MAINT=''
MAINTAINER_MODE_FALSE='#'
MAINTAINER_MODE_TRUE=''
MAKEINFO='${SHELL} /home/lyre/gtk/dialog2/missing --run makeinfo'
MSGFMT='/usr/bin/msgfmt'
MSGFMT_OPTS='-c'
OBJEXT='o'
PACKAGE='dialog2'
PACKAGE_BUGREPORT=''
PACKAGE_CFLAGS='-I/usr/include/gtk-2.0 -I/usr/lib/gtk-2.0/include -I/usr/include/atk-1.0 -I/usr/include/cairo -I/usr/include/pango-1.0 -I/usr/include/glib-2.0 -I/usr/lib/glib-2.0/include -I/usr/include/freetype2 -I/usr/include/libpng12  '
PACKAGE_LIBS='-lgtk-x11-2.0 -lgdk-x11-2.0 -latk-1.0 -lgdk_pixbuf-2.0 -lpangocairo-1.0 -lpango-1.0 -lcairo -lgobject-2.0 -lgmodule-2.0 -ldl -lglib-2.0  '
PACKAGE_NAME=''
PACKAGE_STRING=''
PACKAGE_TARNAME=''
PACKAGE_VERSION=''
PATH_SEPARATOR=':'
PKG_CONFIG='/usr/bin/pkg-config'
POFILES=''
POSUB='po'
PO_IN_DATADIR_FALSE=''
PO_IN_DATADIR_TRUE=''
SET_MAKE=''
SHELL='/bin/sh'
STRIP=''
USE_NLS='yes'
VERSION='0.1'
XGETTEXT=':'
ac_ct_CC='gcc'
am__fastdepCC_FALSE='#'
am__fastdepCC_TRUE=''
am__include='include'
am__isrc=''
am__leading_dot='.'
am__quote=''
am__tar='${AMTAR} chof - "$$tardir"'
am__untar='${AMTAR} xf -'
bindir='${exec_prefix}/bin'
build_alias=''
datadir='${datarootdir}'
datarootdir='${prefix}/share'
docdir='${datarootdir}/doc/${PACKAGE}'
dvidir='${docdir}'
exec_prefix='${prefix}'
host_alias=''
htmldir='${docdir}'
includedir='${prefix}/include'
infodir='${datarootdir}/info'
install_sh='$(SHELL) /home/lyre/gtk/dialog2/install-sh'
libdir='${exec_prefix}/lib'
libexecdir='${exec_prefix}/libexec'
localedir='${datarootdir}/locale'
localstatedir='${prefix}/var'
mandir='${datarootdir}/man'
mkdir_p='/bin/mkdir -p'
oldincludedir='/usr/include'
pdfdir='${docdir}'
prefix='/usr/local'
program_transform_name='s,x,x,'
psdir='${docdir}'
sbindir='${exec_prefix}/sbin'
sharedstatedir='${prefix}/com'
sysconfdir='${prefix}/etc'
target_alias=''

## ----------- ##
## confdefs.h. ##
## ----------- ##

#define PACKAGE_NAME ""
#define PACKAGE_TARNAME ""
#define PACKAGE_VERSION ""
#define PACKAGE_STRING ""
#define PACKAGE_BUGREPORT ""
#define PACKAGE "dialog2"
#define VERSION "0.1"
#define STDC_HEADERS 1
#define GETTEXT_PACKAGE "dialog2"
#define HAVE_SYS_TYPES_H 1
#define HAVE_SYS_STAT_H 1
#define HAVE_STDLIB_H 1
#define HAVE_STRING_H 1
#define HAVE_MEMORY_H 1
#define HAVE_STRINGS_H 1
#define HAVE_INTTYPES_H 1
#define HAVE_STDINT_H 1
#define HAVE_UNISTD_H 1
#define HAVE_LOCALE_H 1
#define HAVE_LC_MESSAGES 1
#define HAVE_BIND_TEXTDOMAIN_CODESET 1
#define HAVE_GETTEXT 1
#define HAVE_DCGETTEXT 1
#define ENABLE_NLS 1

configure: exit 0
