Build started 2010-2-28 0:22:36.
Project "D:\code\vc\serial\serial\serial.vcxproj" on node 3 (build target(s)).
_PrepareForBuild:
  Creating "Debug\serial.unsuccessfulbuild" because "AlwaysCreate" was specified.
ClCompile:
  D:\Program Files\Microsoft Visual Studio 10.0\VC\bin\CL.exe /c /ZI /nologo /W3 /WX- /Od /Oy- /D WIN32 /D _DEBUG /D _CONSOLE /D _UNICODE /D UNICODE /Gm /EHsc /RTC1 /MDd /GS /fp:precise /Zc:wchar_t /Zc:forScope /Fo"Debug\\" /Fd"Debug\vc100.pdb" /Gd /TP /analyze- /errorReport:prompt serial.cpp
  serial.cpp
ManifestResourceCompile:
  All outputs are up-to-date.
Link:
  D:\Program Files\Microsoft Visual Studio 10.0\VC\bin\link.exe /ERRORREPORT:PROMPT /OUT:"D:\code\vc\serial\Debug\serial.exe" /INCREMENTAL /NOLOGO kernel32.lib user32.lib gdi32.lib winspool.lib comdlg32.lib advapi32.lib shell32.lib ole32.lib oleaut32.lib uuid.lib odbc32.lib odbccp32.lib /MANIFEST /ManifestFile:"Debug\serial.exe.intermediate.manifest" /MANIFESTUAC:"level='asInvoker' uiAccess='false'" /DEBUG /PDB:"D:\code\vc\serial\Debug\serial.pdb" /SUBSYSTEM:CONSOLE /TLBID:1 /DYNAMICBASE /NXCOMPAT /IMPLIB:"D:\code\vc\serial\Debug\serial.lib" /MACHINE:X86 Debug\serial.obj
  Debug\stdafx.obj
  Debug\serial.exe.embed.manifest.res
Manifest:
  C:\Program Files\Microsoft SDKs\Windows\v7.0A\bin\mt.exe /nologo /verbose /out:"Debug\serial.exe.embed.manifest" /manifest Debug\serial.exe.intermediate.manifest
  C:\Program Files\Microsoft SDKs\Windows\v7.0A\bin\rc.exe /nologo /fo"Debug\serial.exe.embed.manifest.res" Debug\serial_manifest.rc 
LinkEmbedManifest:
  D:\Program Files\Microsoft Visual Studio 10.0\VC\bin\link.exe /ERRORREPORT:PROMPT /OUT:"D:\code\vc\serial\Debug\serial.exe" /INCREMENTAL /NOLOGO kernel32.lib user32.lib gdi32.lib winspool.lib comdlg32.lib advapi32.lib shell32.lib ole32.lib oleaut32.lib uuid.lib odbc32.lib odbccp32.lib /MANIFEST /ManifestFile:"Debug\serial.exe.intermediate.manifest" /MANIFESTUAC:"level='asInvoker' uiAccess='false'" /DEBUG /PDB:"D:\code\vc\serial\Debug\serial.pdb" /SUBSYSTEM:CONSOLE /TLBID:1 /DYNAMICBASE /NXCOMPAT /IMPLIB:"D:\code\vc\serial\Debug\serial.lib" /MACHINE:X86 Debug\serial.obj
  Debug\stdafx.obj
  Debug\serial.exe.embed.manifest.res
  serial.vcxproj -> D:\code\vc\serial\Debug\serial.exe
_AfterBuild:
  Deleting file "Debug\serial.unsuccessfulbuild".
  Touching "Debug\serial.lastbuildstate".
Done Building Project "D:\code\vc\serial\serial\serial.vcxproj" (build target(s)).

Build succeeded.

Time Elapsed 00:00:06.50
